#
# A fatal error has been detected by the Java Runtime Environment:
#
#  Internal Error (javaClasses.cpp:129), pid=2160, tid=5952
#  fatal error: Invalid layout of preloaded class
#
# JRE version: 7.0_17-b02
# Java VM: Java HotSpot(TM) Client VM (23.7-b01 mixed mode windows-x86 )
# Failed to write core dump. Minidumps are not enabled by default on client versions of Windows
#
# If you would like to submit a bug report, please visit:
#   http://bugreport.sun.com/bugreport/crash.jsp
#

---------------  T H R E A D  ---------------

Current thread (0x018aa800):  JavaThread "Unknown thread" [_thread_in_vm, id=5952, stack(0x01950000,0x019a0000)]

Stack: [0x01950000,0x019a0000],  sp=0x0199f9f4,  free space=318k
Native frames: (J=compiled Java code, j=interpreted, Vv=VM code, C=native code)
V  [jvm.dll+0x16f261]
V  [jvm.dll+0x1693d6]
V  [jvm.dll+0x2079f]
V  [jvm.dll+0x20826]
V  [jvm.dll+0x2e5bd]
V  [jvm.dll+0x2e869]
V  [jvm.dll+0x77ba1]
V  [jvm.dll+0x77f5b]
V  [jvm.dll+0x1290e1]
V  [jvm.dll+0x149b3a]
V  [jvm.dll+0xa98df]
C  [javaw.exe+0x13ca]
C  [javaw.exe+0x1e3c]
C  [javaw.exe+0xa5a1]
C  [javaw.exe+0xa62b]
C  [kernel32.dll+0x4ed6c]  BaseThreadInitThunk+0x12
C  [ntdll.dll+0x6377b]  RtlInitializeExceptionChain+0xef
C  [ntdll.dll+0x6374e]  RtlInitializeExceptionChain+0xc2


---------------  P R O C E S S  ---------------

Java Threads: ( => current thread )

Other Threads:

=>0x018aa800 (exited) JavaThread "Unknown thread" [_thread_in_vm, id=5952, stack(0x01950000,0x019a0000)]

VM state:not at safepoint (not fully initialized)

VM Mutex/Monitor currently owned by a thread: None

GC Heap History (0 events):
No events

Deoptimization events (0 events):
No events

Internal exceptions (0 events):
No events

Events (10 events):
Event: 0.007 loading class 0x019c33e0 done
Event: 0.007 loading class 0x019c2970 done
Event: 0.007 loading class 0x019c2948
Event: 0.007 loading class 0x01a367f0
Event: 0.007 loading class 0x01a367f0 done
Event: 0.007 loading class 0x01a36828
Event: 0.007 loading class 0x01a36828 done
Event: 0.007 loading class 0x01a2cad8
Event: 0.007 loading class 0x01a2cad8 done
Event: 0.007 loading class 0x019c2948 done


Dynamic libraries:
0x00100000 - 0x0012f000 	C:\Program Files\Java\jre7\bin\javaw.exe
0x77a50000 - 0x77b8c000 	C:\Windows\SYSTEM32\ntdll.dll
0x75b50000 - 0x75c24000 	C:\Windows\system32\kernel32.dll
0x75460000 - 0x754ab000 	C:\Windows\system32\KERNELBASE.dll
0x754b0000 - 0x75550000 	C:\Windows\system32\ADVAPI32.dll
0x76dc0000 - 0x76e6c000 	C:\Windows\system32\msvcrt.dll
0x75920000 - 0x75939000 	C:\Windows\SYSTEM32\sechost.dll
0x77040000 - 0x770e1000 	C:\Windows\system32\RPCRT4.dll
0x76ae0000 - 0x76ba9000 	C:\Windows\system32\USER32.dll
0x75b00000 - 0x75b4e000 	C:\Windows\system32\GDI32.dll
0x75640000 - 0x7564a000 	C:\Windows\system32\LPK.dll
0x76f40000 - 0x76fdd000 	C:\Windows\system32\USP10.dll
0x741b0000 - 0x7434e000 	C:\Windows\WinSxS\x86_microsoft.windows.common-controls_6595b64144ccf1df_6.0.7601.17514_none_41e6975e2bd6f2b2\COMCTL32.dll
0x75940000 - 0x75997000 	C:\Windows\system32\SHLWAPI.dll
0x75620000 - 0x7563f000 	C:\Windows\system32\IMM32.DLL
0x76e70000 - 0x76f3c000 	C:\Windows\system32\MSCTF.dll
0x5a340000 - 0x5a3fe000 	C:\Program Files\Java\jre7\bin\msvcr100.dll
0x59d60000 - 0x5a0ac000 	C:\Program Files\Java\jre7\bin\client\jvm.dll
0x71560000 - 0x71567000 	C:\Windows\system32\WSOCK32.dll
0x75550000 - 0x75585000 	C:\Windows\system32\WS2_32.dll
0x75610000 - 0x75616000 	C:\Windows\system32\NSI.dll
0x73730000 - 0x73762000 	C:\Windows\system32\WINMM.dll
0x77ba0000 - 0x77ba5000 	C:\Windows\system32\PSAPI.DLL
0x70c90000 - 0x70c9c000 	C:\Program Files\Java\jre7\bin\verify.dll
0x6dfe0000 - 0x6e000000 	C:\Program Files\Java\jre7\bin\java.dll
0x6dfa0000 - 0x6dfb3000 	C:\Program Files\Java\jre7\bin\zip.dll
0x71300000 - 0x713eb000 	C:\Windows\system32\dbghelp.dll

VM Arguments:
jvm_args: -Dfile.encoding=GBK -Xbootclasspath:D:\Software\adt-bundle-windows-x86\adt-bundle-windows-x86\sdk\platforms\android-4.2\android.jar 
java_command: com.example.linkeach.BroadcastServer
Launcher Type: SUN_STANDARD

Environment Variables:
PATH=C:/Program Files/Java/jre7/bin/client;C:/Program Files/Java/jre7/bin;C:/Program Files/Java/jre7/lib/i386;D:\Code\Python2.7\Lib\site-packages\PyQt4;C:\Program Files\NVIDIA Corporation\PhysX\Common;C:\Windows\system32;C:\Windows;C:\Windows\System32\Wbem;C:\Windows\System32\WindowsPowerShell\v1.0\;D:\Software\Git\cmd;D:\Software\Git\bin;D:\Code\Python2.7;D:\Code\Python2.7\Scripts;D:\Software\eclipse;
USERNAME=sking
OS=Windows_NT
PROCESSOR_IDENTIFIER=x86 Family 6 Model 42 Stepping 7, GenuineIntel



---------------  S Y S T E M  ---------------

OS: Windows 7 Build 7601 Service Pack 1

CPU:total 4 (2 cores per cpu, 2 threads per core) family 6 model 42 stepping 7, cmov, cx8, fxsr, mmx, sse, sse2, sse3, ssse3, sse4.1, sse4.2, popcnt, avx, ht, tsc, tscinvbit

Memory: 4k page, physical 3648796k(1465592k free), swap 9938496k(7170828k free)

vm_info: Java HotSpot(TM) Client VM (23.7-b01) for windows-x86 JRE (1.7.0_17-b02), built on Mar  1 2013 05:04:36 by "java_re" with unknown MS VC++:1600

time: Sun Mar 31 10:12:58 2013
elapsed time: 0 seconds

